INFO: latexindent version 3.4.1, 2018-01-18, a script to indent .tex files
      latexindent lives here: /usr/local/texlive/2018/texmf-dist/scripts/latexindent/
      Fri Jan 25 14:27:46 2019
      Filename: NOTE
INFO: Processing switches:
      -w|--overwrite: Overwrite mode active, will make a back up of NOTE first
INFO: Directory for backup files and indent.log: .
INFO: YAML settings read: defaultSettings.yaml
      Reading defaultSettings.yaml from /usr/local/texlive/2018/texmf-dist/scripts/latexindent/defaultSettings.yaml
INFO: YAML settings read: indentconfig.yaml or .indentconfig.yaml
      Home directory is /Users/guozirui (didn't find either indentconfig.yaml or .indentconfig.yaml)
      To specify user settings you would put indentconfig.yaml here: /Users/guozirui/indentconfig.yaml
      Alternatively, you can use the hidden file .indentconfig.yaml as: /Users/guozirui/.indentconfig.yaml
INFO: File extension work:
      latexindent called to act upon NOTE with a file extension;
      searching for file with an extension in the following order (see fileExtensionPreference):
      .tex
      .sty
      .cls
      .bib
      NOTE.tex found!
      Updated fileName to NOTE.tex
INFO: Backup procedure (-w flag active):
      copying NOTE.tex to ./NOTE.bak0
      Backup file: ./NOTE.bak0
      NOTE.tex will be overwritten after indentation
INFO: Phase 1: searching for objects
INFO: Phase 2: finding surrounding indentation
INFO: Phase 3: indenting objects
INFO: Phase 4: final indentation check
INFO: Output routine:
      Overwriting file NOTE.tex
      --------------
INFO: Please direct all communication/issues to:
      https://github.com/cmhughes/latexindent.pl
